<?xml version="1.0" encoding="UTF-8"?>
<!-- Generated by org.testng.reporters.JUnitReportReporter -->
<testsuite skipped="0" hostname="Fatemas-MacBook-Pro.local" name="dropdown.dropdn.SelectValu" tests="1" failures="0" timestamp="02 Dec 2017 17:25:53 GMT" time="13.900" errors="0">
  <testcase name="selectDropDown" time="13.900" classname="dropdown.dropdn.SelectValu"/>
</testsuite> <!-- dropdown.dropdn.SelectValu -->
